c:\users\seow kai jun\documents\github\coffeemochi\x64\release\npc.obj
c:\users\seow kai jun\documents\github\coffeemochi\x64\release\gameevents.obj
c:\users\seow kai jun\documents\github\coffeemochi\x64\release\ongoingevents.obj
c:\users\seow kai jun\documents\github\coffeemochi\x64\release\main.obj
c:\users\seow kai jun\documents\github\coffeemochi\x64\release\ui_mechanics.obj
c:\users\seow kai jun\documents\github\coffeemochi\x64\release\game.obj
c:\users\seow kai jun\documents\github\coffeemochi\x64\release\ui_animations.obj
c:\users\seow kai jun\documents\github\coffeemochi\x64\release\sound.obj
c:\users\seow kai jun\documents\github\coffeemochi\x64\release\resource_stats.obj
c:\users\seow kai jun\documents\github\coffeemochi\x64\release\menu.obj
c:\users\seow kai jun\documents\github\coffeemochi\x64\release\buildings.obj
c:\users\seow kai jun\documents\github\coffeemochi\x64\release\worldspacegrid.obj
c:\users\seow kai jun\documents\github\coffeemochi\x64\release\vc142.pdb
c:\users\seow kai jun\documents\github\coffeemochi\x64\release\processing_sample.exe
c:\users\seow kai jun\documents\github\coffeemochi\x64\release\processing_sample.pdb
c:\users\seow kai jun\documents\github\coffeemochi\x64\release\processing_sample.ipdb
c:\users\seow kai jun\documents\github\coffeemochi\x64\release\processing_sample.iobj
c:\users\seow kai jun\documents\github\coffeemochi\x64\release\processi.14b654ed.tlog\cl.12364.write.1.tlog
c:\users\seow kai jun\documents\github\coffeemochi\x64\release\processi.14b654ed.tlog\cl.command.1.tlog
c:\users\seow kai jun\documents\github\coffeemochi\x64\release\processi.14b654ed.tlog\cl.read.1.tlog
c:\users\seow kai jun\documents\github\coffeemochi\x64\release\processi.14b654ed.tlog\link.command.1.tlog
c:\users\seow kai jun\documents\github\coffeemochi\x64\release\processi.14b654ed.tlog\link.read.1.tlog
c:\users\seow kai jun\documents\github\coffeemochi\x64\release\processi.14b654ed.tlog\link.write.1.tlog
c:\users\seow kai jun\documents\github\coffeemochi\x64\release\processi.14b654ed.tlog\processing_sample.write.1u.tlog
