  Buildings.c
  GameEvents.c
  Menu.c
  Npc.c
  OngoingEvents.c
  Resource_Stats.c
  Sound.c
  UI_Animations.c
  UI_mechanics.c
  WorldSpaceGrid.c
  game.c
  main.c
  Generating code
  0 of 163 functions ( 0.0%) were compiled, the rest were copied from previous compilation.
    0 functions were new in current compilation
    0 functions had inline decision re-evaluated but remain unchanged
  Finished generating code
  Processing_Sample.vcxproj -> C:\Users\Seow Kai Jun\Documents\GitHub\CoffeeMochi\x64\Release\Processing_Sample.exe
  1 File(s) copied
  1 File(s) copied
  64 File(s) copied
