c:\users\user\documents\github\coffeemochi\x64\debug\main.obj
c:\users\user\documents\github\coffeemochi\x64\debug\npc.obj
c:\users\user\documents\github\coffeemochi\x64\debug\ongoingevents.obj
c:\users\user\documents\github\coffeemochi\x64\debug\game.obj
c:\users\user\documents\github\coffeemochi\x64\debug\buildings.obj
c:\users\user\documents\github\coffeemochi\x64\debug\gameevents.obj
c:\users\user\documents\github\coffeemochi\x64\debug\worldspacegrid.obj
c:\users\user\documents\github\coffeemochi\x64\debug\resource_stats.obj
c:\users\user\documents\github\coffeemochi\x64\debug\menu.obj
c:\users\user\documents\github\coffeemochi\x64\debug\ui_mechanics.obj
c:\users\user\documents\github\coffeemochi\x64\debug\vc142.pdb
c:\users\user\documents\github\coffeemochi\x64\debug\vc142.idb
c:\users\user\documents\github\coffeemochi\x64\debug\processing_sample.exe
c:\users\user\documents\github\coffeemochi\x64\debug\processing_sample.ilk
c:\users\user\documents\github\coffeemochi\x64\debug\processing_sample.pdb
c:\users\user\documents\github\coffeemochi\x64\debug\processi.14b654ed.tlog\cl.command.1.tlog
c:\users\user\documents\github\coffeemochi\x64\debug\processi.14b654ed.tlog\cl.read.1.tlog
c:\users\user\documents\github\coffeemochi\x64\debug\processi.14b654ed.tlog\cl.write.1.tlog
c:\users\user\documents\github\coffeemochi\x64\debug\processi.14b654ed.tlog\link.command.1.tlog
c:\users\user\documents\github\coffeemochi\x64\debug\processi.14b654ed.tlog\link.read.1.tlog
c:\users\user\documents\github\coffeemochi\x64\debug\processi.14b654ed.tlog\link.write.1.tlog
